{"numTotalTestSuites":6,"numPassedTestSuites":0,"numFailedTestSuites":6,"numPendingTestSuites":0,"numTotalTests":6,"numPassedTests":0,"numFailedTests":6,"numPendingTests":0,"numTodoTests":0,"snapshot":{"added":0,"failure":false,"filesAdded":0,"filesRemoved":0,"filesRemovedList":[],"filesUnmatched":0,"filesUpdated":0,"matched":0,"total":0,"unchecked":0,"uncheckedKeysByFile":[],"unmatched":0,"updated":0,"didUpdate":false},"startTime":1783022988659,"success":false,"testResults":[{"assertionResults":[{"ancestorTitles":["LoginPageStyled Toast Integration","Login Success Scenarios"],"fullName":"LoginPageStyled Toast Integration Login Success Scenarios should show success toast on successful login","status":"failed","title":"should show success toast on successful login","duration":206.61759999999776,"failureMessages":["TestingLibraryElementError: Unable to find an element with the placeholder text of: samuel\n\nIgnored nodes: comments, script, style\n\u001b[36m<body>\u001b[39m\n  \u001b[36m<div>\u001b[39m\n    \u001b[36m<div\u001b[39m\n      \u001b[33mclass\u001b[39m=\u001b[32m\"mm-page\"\u001b[39m\n      \u001b[33mstyle\u001b[39m=\u001b[32m\"min-height: 100vh; display: flex; flex-direction: row; overflow: hidden;\"\u001b[39m\n    \u001b[36m>\u001b[39m\n      \u001b[36m<div\u001b[39m\n        \u001b[33mclass\u001b[39m=\u001b[32m\"mm-hero-panel\"\u001b[39m\n        \u001b[33mstyle\u001b[39m=\u001b[32m\"flex: 0 0 58%; position: relative; display: flex; flex-direction: column; align-items: center; justify-content: center; overflow: hidden; background: rgb(10, 24, 87);\"\u001b[39m\n      \u001b[36m>\u001b[39m\n        \u001b[36m<div\u001b[39m\n          \u001b[33mstyle\u001b[39m=\u001b[32m\"position: absolute; inset: 0; background-image: url(\\\"/WEB7.png\\\"); background-size: cover; background-position: center top; opacity: 0.3;\"\u001b[39m\n        \u001b[36m/>\u001b[39m\n        \u001b[36m<div\u001b[39m\n          \u001b[33mstyle\u001b[39m=\u001b[32m\"position: absolute; inset: 0; background: linear-gradient(160deg,#060e30 0%,#0a1857 55%,#162570 100%); opacity: 0.88;\"\u001b[39m\n        \u001b[36m/>\u001b[39m\n        \u001b[36m<div\u001b[39m\n          \u001b[33mstyle\u001b[39m=\u001b[32m\"position: absolute; top: 0px; left: 0px; right: 0px; height: 5px; background: linear-gradient(90deg,#b79758 0%,#fff6b0 50%,#b79758 100%);\"\u001b[39m\n        \u001b[36m/>\u001b[39m\n        \u001b[36m<div\u001b[39m\n          \u001b[33mstyle\u001b[39m=\u001b[32m\"position: absolute; bottom: 0px; left: 0px; right: 0px; height: 4px; background: linear-gradient(90deg,#b79758 0%,#fff6b0 50%,#b79758 100%);\"\u001b[39m\n        \u001b[36m/>\u001b[39m\n        \u001b[36m<div\u001b[39m\n          \u001b[33mclass\u001b[39m=\u001b[32m\"mm-hero\"\u001b[39m\n          \u001b[33mstyle\u001b[39m=\u001b[32m\"position: relative; z-index: 10; display: flex; flex-direction: column; align-items: center; padding: 3rem 2.5rem; text-align: center; max-width: 480px;\"\u001b[39m\n        \u001b[36m>\u001b[39m\n          \u001b[36m<div\u001b[39m\n            \u001b[33mstyle\u001b[39m=\u001b[32m\"width: 130px; height: 130px; border-radius: 50%; border: 4px solid rgb(183, 151, 88); padding: 6px; background: rgba(255, 255, 255, 0.08); margin-bottom: 1.5rem; box-shadow: 0 0 40px rgba(232,184,0,0.30),0 8px 32px rgba(0,0,0,0.4); display: flex; align-items: center; justify-content: center; overflow: hidden;\"\u001b[39m\n          \u001b[36m>\u001b[39m\n            \u001b[36m<img\u001b[39m\n              \u001b[33malt\u001b[39m=\u001b[32m\"Krystar Trust Logo\"\u001b[39m\n              \u001b[33mfetchpriority\u001b[39m=\u001b[32m\"high\"\u001b[39m\n              \u001b[33msrc\u001b[39m=\u001b[32m\"/KTILogo.svg\"\u001b[39m\n              \u001b[33mstyle\u001b[39m=\u001b[32m\"width: 100%; height: 100%; object-fit: contain; border-radius: 50%;\"\u001b[39m\n            \u001b[36m/>\u001b[39m\n          \u001b[36m</div>\u001b[39m\n          \u001b[36m<h1\u001b[39m\n            \u001b[33mclass\u001b[39m=\u001b[32m\"mm-school\"\u001b[39m\n            \u001b[33mstyle\u001b[39m=\u001b[32m\"font-size: 1.55rem; font-weight: 800; color: rgb(255, 255, 255); letter-spacing: 0.02em; line-height: 1.2; margin-bottom: 0.5rem; text-shadow: 0 2px 8px rgba(0,0,0,0.4);\"\u001b[39m\n          \u001b[36m>\u001b[39m\n            \u001b[36m<span\u001b[39m\n              \u001b[33mstyle\u001b[39m=\u001b[32m\"color: rgb(183, 151, 88);\"\u001b[39m\n            \u001b[36m>\u001b[39m\n              \u001b[0mKrystar Trust\u001b[0m\n            \u001b[36m</span>\u001b[39m\n            \u001b[36m<br />\u001b[39m\n            \u001b[0mInvestment Limited\u001b[0m\n          \u001b[36m</h1>\u001b[39m\n          \u001b[36m<div\u001b[39m\n            \u001b[33mstyle\u001b[39m=\u001b[32m\"width: 60px; height: 3px; border-radius: 2px; background: linear-gradient(90deg,#b79758,#fff); margin: 1rem auto;\"\u001b[39m\n          \u001b[36m/>\u001b[39m\n          \u001b[36m<p\u001b[39m\n            \u001b[33mstyle\u001b[39m=\u001b[32m\"font-size: 1.05rem; font-style: italic; color: rgba(255, 255, 255, 0.9); letter-spacing: 0.06em; margin-bottom: 0.75rem;\"\u001b[39m\n          \u001b[36m>\u001b[39m\n            \u001b[0m“\u001b[0m\n            \u001b[0mBuilding Trust, Growing Wealth\u001b[0m\n            \u001b[0m”\u001b[0m\n          \u001b[36m</p>\u001b[39m\n          \u001b[36m<p\u001b[39m\n            \u001b[33mstyle\u001b[39m=\u001b[32m\"font-size: 0.78rem; color: rgb(183, 151, 88); letter-spacing: 0.15em; text-transform: uppercase; font-weight: 600; margin-bottom: 2rem;\"\u001b[39m\n          \u001b[36m>\u001b[39m\n            \u001b[0mLoans • Savings • Investments • Growth\u001b[0m\n          \u001b[36m</p>\u001b[39m\n          \u001b[36m<span\u001b[39m\n            \u001b[33mstyle\u001b[39m=\u001b[32m\"display: inline-flex; align-items: center; gap: 0.4rem; margin-top: 1.5rem; padding: 0.35rem 1rem; border-radius: 999px; background: rgba(232, 184, 0, 0.15); border: 1px solid rgb(183, 151, 88); color: rgb(183, 151, 88); font-size: 0.72rem; font-weight: 700; letter-spacing: 0.12em; text-transform: uppercase;\"\u001b[39m\n          \u001b[36m>\u001b[39m\n            \u001b[36m<svg\u001b[39m\n              \u001b[33maria-hidden\u001b[39m=\u001b[32m\"true\"\u001b[39m\n              \u001b[33mclass\u001b[39m=\u001b[32m\"lucide lucide-shield-check\"\u001b[39m\n              \u001b[33mfill\u001b[39m=\u001b[32m\"none\"\u001b[39m\n              \u001b[33mheight\u001b[39m=\u001b[32m\"13\"\u001b[39m\n              \u001b[33mstroke\u001b[39m=\u001b[32m\"currentColor\"\u001b[39m\n              \u001b[33mstroke-linecap\u001b[39m=\u001b[32m\"round\"\u001b[39m\n              \u001b[33mstroke-linejoin\u001b[39m=\u001b[32m\"round\"\u001b[39m\n              \u001b[33mstroke-width\u001b[39m=\u001b[32m\"2\"\u001b[39m\n              \u001b[33mviewBox\u001b[39m=\u001b[32m\"0 0 24 24\"\u001b[39m\n              \u001b[33mwidth\u001b[39m=\u001b[32m\"13\"\u001b[39m\n              \u001b[33mxmlns\u001b[39m=\u001b[32m\"http://www.w3.org/2000/svg\"\u001b[39m\n            \u001b[36m>\u001b[39m\n              \u001b[36m<path\u001b[39m\n                \u001b[33md\u001b[39m=\u001b[32m\"M20 13c0 5-3.5 7.5-7.66 8.95a1 1 0 0 1-.67-.01C7.5 20.5 4 18 4 13V6a1 1 0 0 1 1-1c2 0 4.5-1.2 6.24-2.72a1.17 1.17 0 0 1 1.52 0C14.51 3.81 17 5 19 5a1 1 0 0 1 1 1z\"\u001b[39m\n              \u001b[36m/>\u001b[39m\n              \u001b[36m<path\u001b[39m\n                \u001b[33md\u001b[39m=\u001b[32m\"m9 12 2 2 4-4\"\u001b[39m\n              \u001b[36m/>\u001b[39m\n            \u001b[36m</svg>\u001b[39m\n            \u001b[0m \u001b[0m\n            \u001b[0mCBN Compliant\u001b[0m\n          \u001b[36m</span>\u001b[39m\n        \u001b[36m</div>\u001b[39m\n      \u001b[36m</div>\u001b[39m\n      \u001b[36m<div\u001b[39m\n        \u001b[33mclass\u001b[39m=\u001b[32m\"mm-form-panel\"\u001b[39m\n        \u001b[33mstyle\u001b[39m=\u001b[32m\"flex: 0 0 42%; display: flex; flex-direction: column; align-items: center; justify-content: center; background: rgb(248, 246, 240); padding: 2rem 2.5rem; overflow-y: auto;\"\u001b[39m\n      \u001b[36m>\u001b[39m\n        \u001b[36m<div\u001b[39m\n          \u001b[33mclass\u001b[39m=\u001b[32m\"mm-form\"\u001b[39m\n          \u001b[33mstyle\u001b[39m=\u001b[32m\"width: 100%; max-width: 360px;\"\u001b[39m\n        \u001b[36m>\u001b[39m\n          \u001b[36m<div\u001b[39m\n            \u001b[33mstyle\u001b[39m=\u001b[32m\"display: flex; align-items: center; gap: 0.75rem; margin-bottom: 1.75rem;\"\u001b[39m\n          \u001b[36m>\u001b[39m\n            \u001b[36m<img\u001b[39m\n              \u001b[33malt\u001b[39m=\u001b[32m\"logo\"\u001b[39m\n              \u001b[33msrc\u001b[39m=\u001b[32m\"/KTILogo.svg\"\u001b[39m\n              \u001b[33mstyle\u001b[39m=\u001b[32m\"width: 44px; height: 44px; border-radius: 50%; border: 2px solid rgb(183, 151, 88); object-fit: contain; background: rgb(10, 24, 87); padding: 2px;\"\u001b[39m\n            \u001b[36m/>\u001b[39m\n            \u001b[36m<div\u001b[39m\n              \u001b[33mstyle\u001b[39m=\u001b[32m\"display: flex; flex-direction: column; line-height: 1.2;\"\u001b[39m\n            \u001b[36m>\u001b[39m\n              \u001b[36m<span\u001b[39m\n                \u001b[33mstyle\u001b[39m=\u001b[32m\"font-size: 0.78rem; font-weight: 700; color: rgb(10, 24, 87); letter-spacing: 0.04em;\"\u001b[39m\n              \u001b[36m>\u001b[39m\n                \u001b[0mKTIL\u001b[0m\n              \u001b[36m</span>\u001b[39m\n              \u001b[36m<span\u001b[39m\n                \u001b[33mstyle\u001b[39m=\u001b[32m\"font-size: 0.68rem; color: rgb(183, 151, 88); font-weight: 600; letter-spacing: 0.08em; text-transform: uppercase;\"\u001b[39m\n              \u001b[36m>\u001b[39m\n                \u001b[0...\n    at Object.getElementError (D:\\Users\\User\\Desktop\\PHEONIX\\PHEONIX\\erp-frontend\\node_modules\\@testing-library\\dom\\dist\\config.js:37:19)\n    at D:\\Users\\User\\Desktop\\PHEONIX\\PHEONIX\\erp-frontend\\node_modules\\@testing-library\\dom\\dist\\query-helpers.js:76:38\n    at D:\\Users\\User\\Desktop\\PHEONIX\\PHEONIX\\erp-frontend\\node_modules\\@testing-library\\dom\\dist\\query-helpers.js:52:17\n    at getByPlaceholderText (D:\\Users\\User\\Desktop\\PHEONIX\\PHEONIX\\erp-frontend\\node_modules\\@testing-library\\dom\\dist\\query-helpers.js:95:19)\n    at D:/Users/User/Desktop/PHEONIX/PHEONIX/erp-frontend/src/components/auth/__tests__/LoginPageStyled.integration.test.tsx:70:31\n    at file:///D:/Users/User/Desktop/PHEONIX/PHEONIX/erp-frontend/node_modules/@vitest/runner/dist/index.js:145:11\n    at file:///D:/Users/User/Desktop/PHEONIX/PHEONIX/erp-frontend/node_modules/@vitest/runner/dist/index.js:915:26\n    at file:///D:/Users/User/Desktop/PHEONIX/PHEONIX/erp-frontend/node_modules/@vitest/runner/dist/index.js:1243:20\n    at new Promise (<anonymous>)\n    at runWithTimeout (file:///D:/Users/User/Desktop/PHEONIX/PHEONIX/erp-frontend/node_modules/@vitest/runner/dist/index.js:1209:10)"],"location":{"line":53,"column":5},"meta":{}},{"ancestorTitles":["LoginPageStyled Toast Integration","Login Success Scenarios"],"fullName":"LoginPageStyled Toast Integration Login Success Scenarios should show success toast with email when username is not available","status":"failed","title":"should show success toast with email when username is not available","duration":39.23489999999583,"failureMessages":["TestingLibraryElementError: Unable to find an element with the placeholder text of: samuel\n\nIgnored nodes: comments, script, style\n\u001b[36m<body>\u001b[39m\n  \u001b[36m<div>\u001b[39m\n    \u001b[36m<div\u001b[39m\n      \u001b[33mclass\u001b[39m=\u001b[32m\"mm-page\"\u001b[39m\n      \u001b[33mstyle\u001b[39m=\u001b[32m\"min-height: 100vh; display: flex; flex-direction: row; overflow: hidden;\"\u001b[39m\n    \u001b[36m>\u001b[39m\n      \u001b[36m<div\u001b[39m\n        \u001b[33mclass\u001b[39m=\u001b[32m\"mm-hero-panel\"\u001b[39m\n        \u001b[33mstyle\u001b[39m=\u001b[32m\"flex: 0 0 58%; position: relative; display: flex; flex-direction: column; align-items: center; justify-content: center; overflow: hidden; background: rgb(10, 24, 87);\"\u001b[39m\n      \u001b[36m>\u001b[39m\n        \u001b[36m<div\u001b[39m\n          \u001b[33mstyle\u001b[39m=\u001b[32m\"position: absolute; inset: 0; background-image: url(\\\"/WEB7.png\\\"); background-size: cover; background-position: center top; opacity: 0.3;\"\u001b[39m\n        \u001b[36m/>\u001b[39m\n        \u001b[36m<div\u001b[39m\n          \u001b[33mstyle\u001b[39m=\u001b[32m\"position: absolute; inset: 0; background: linear-gradient(160deg,#060e30 0%,#0a1857 55%,#162570 100%); opacity: 0.88;\"\u001b[39m\n        \u001b[36m/>\u001b[39m\n        \u001b[36m<div\u001b[39m\n          \u001b[33mstyle\u001b[39m=\u001b[32m\"position: absolute; top: 0px; left: 0px; right: 0px; height: 5px; background: linear-gradient(90deg,#b79758 0%,#fff6b0 50%,#b79758 100%);\"\u001b[39m\n        \u001b[36m/>\u001b[39m\n        \u001b[36m<div\u001b[39m\n          \u001b[33mstyle\u001b[39m=\u001b[32m\"position: absolute; bottom: 0px; left: 0px; right: 0px; height: 4px; background: linear-gradient(90deg,#b79758 0%,#fff6b0 50%,#b79758 100%);\"\u001b[39m\n        \u001b[36m/>\u001b[39m\n        \u001b[36m<div\u001b[39m\n          \u001b[33mclass\u001b[39m=\u001b[32m\"mm-hero\"\u001b[39m\n          \u001b[33mstyle\u001b[39m=\u001b[32m\"position: relative; z-index: 10; display: flex; flex-direction: column; align-items: center; padding: 3rem 2.5rem; text-align: center; max-width: 480px;\"\u001b[39m\n        \u001b[36m>\u001b[39m\n          \u001b[36m<div\u001b[39m\n            \u001b[33mstyle\u001b[39m=\u001b[32m\"width: 130px; height: 130px; border-radius: 50%; border: 4px solid rgb(183, 151, 88); padding: 6px; background: rgba(255, 255, 255, 0.08); margin-bottom: 1.5rem; box-shadow: 0 0 40px rgba(232,184,0,0.30),0 8px 32px rgba(0,0,0,0.4); display: flex; align-items: center; justify-content: center; overflow: hidden;\"\u001b[39m\n          \u001b[36m>\u001b[39m\n            \u001b[36m<img\u001b[39m\n              \u001b[33malt\u001b[39m=\u001b[32m\"Krystar Trust Logo\"\u001b[39m\n              \u001b[33mfetchpriority\u001b[39m=\u001b[32m\"high\"\u001b[39m\n              \u001b[33msrc\u001b[39m=\u001b[32m\"/KTILogo.svg\"\u001b[39m\n              \u001b[33mstyle\u001b[39m=\u001b[32m\"width: 100%; height: 100%; object-fit: contain; border-radius: 50%;\"\u001b[39m\n            \u001b[36m/>\u001b[39m\n          \u001b[36m</div>\u001b[39m\n          \u001b[36m<h1\u001b[39m\n            \u001b[33mclass\u001b[39m=\u001b[32m\"mm-school\"\u001b[39m\n            \u001b[33mstyle\u001b[39m=\u001b[32m\"font-size: 1.55rem; font-weight: 800; color: rgb(255, 255, 255); letter-spacing: 0.02em; line-height: 1.2; margin-bottom: 0.5rem; text-shadow: 0 2px 8px rgba(0,0,0,0.4);\"\u001b[39m\n          \u001b[36m>\u001b[39m\n            \u001b[36m<span\u001b[39m\n              \u001b[33mstyle\u001b[39m=\u001b[32m\"color: rgb(183, 151, 88);\"\u001b[39m\n            \u001b[36m>\u001b[39m\n              \u001b[0mKrystar Trust\u001b[0m\n            \u001b[36m</span>\u001b[39m\n            \u001b[36m<br />\u001b[39m\n            \u001b[0mInvestment Limited\u001b[0m\n          \u001b[36m</h1>\u001b[39m\n          \u001b[36m<div\u001b[39m\n            \u001b[33mstyle\u001b[39m=\u001b[32m\"width: 60px; height: 3px; border-radius: 2px; background: linear-gradient(90deg,#b79758,#fff); margin: 1rem auto;\"\u001b[39m\n          \u001b[36m/>\u001b[39m\n          \u001b[36m<p\u001b[39m\n            \u001b[33mstyle\u001b[39m=\u001b[32m\"font-size: 1.05rem; font-style: italic; color: rgba(255, 255, 255, 0.9); letter-spacing: 0.06em; margin-bottom: 0.75rem;\"\u001b[39m\n          \u001b[36m>\u001b[39m\n            \u001b[0m“\u001b[0m\n            \u001b[0mBuilding Trust, Growing Wealth\u001b[0m\n            \u001b[0m”\u001b[0m\n          \u001b[36m</p>\u001b[39m\n          \u001b[36m<p\u001b[39m\n            \u001b[33mstyle\u001b[39m=\u001b[32m\"font-size: 0.78rem; color: rgb(183, 151, 88); letter-spacing: 0.15em; text-transform: uppercase; font-weight: 600; margin-bottom: 2rem;\"\u001b[39m\n          \u001b[36m>\u001b[39m\n            \u001b[0mLoans • Savings • Investments • Growth\u001b[0m\n          \u001b[36m</p>\u001b[39m\n          \u001b[36m<span\u001b[39m\n            \u001b[33mstyle\u001b[39m=\u001b[32m\"display: inline-flex; align-items: center; gap: 0.4rem; margin-top: 1.5rem; padding: 0.35rem 1rem; border-radius: 999px; background: rgba(232, 184, 0, 0.15); border: 1px solid rgb(183, 151, 88); color: rgb(183, 151, 88); font-size: 0.72rem; font-weight: 700; letter-spacing: 0.12em; text-transform: uppercase;\"\u001b[39m\n          \u001b[36m>\u001b[39m\n            \u001b[36m<svg\u001b[39m\n              \u001b[33maria-hidden\u001b[39m=\u001b[32m\"true\"\u001b[39m\n              \u001b[33mclass\u001b[39m=\u001b[32m\"lucide lucide-shield-check\"\u001b[39m\n              \u001b[33mfill\u001b[39m=\u001b[32m\"none\"\u001b[39m\n              \u001b[33mheight\u001b[39m=\u001b[32m\"13\"\u001b[39m\n              \u001b[33mstroke\u001b[39m=\u001b[32m\"currentColor\"\u001b[39m\n              \u001b[33mstroke-linecap\u001b[39m=\u001b[32m\"round\"\u001b[39m\n              \u001b[33mstroke-linejoin\u001b[39m=\u001b[32m\"round\"\u001b[39m\n              \u001b[33mstroke-width\u001b[39m=\u001b[32m\"2\"\u001b[39m\n              \u001b[33mviewBox\u001b[39m=\u001b[32m\"0 0 24 24\"\u001b[39m\n              \u001b[33mwidth\u001b[39m=\u001b[32m\"13\"\u001b[39m\n              \u001b[33mxmlns\u001b[39m=\u001b[32m\"http://www.w3.org/2000/svg\"\u001b[39m\n            \u001b[36m>\u001b[39m\n              \u001b[36m<path\u001b[39m\n                \u001b[33md\u001b[39m=\u001b[32m\"M20 13c0 5-3.5 7.5-7.66 8.95a1 1 0 0 1-.67-.01C7.5 20.5 4 18 4 13V6a1 1 0 0 1 1-1c2 0 4.5-1.2 6.24-2.72a1.17 1.17 0 0 1 1.52 0C14.51 3.81 17 5 19 5a1 1 0 0 1 1 1z\"\u001b[39m\n              \u001b[36m/>\u001b[39m\n              \u001b[36m<path\u001b[39m\n                \u001b[33md\u001b[39m=\u001b[32m\"m9 12 2 2 4-4\"\u001b[39m\n              \u001b[36m/>\u001b[39m\n            \u001b[36m</svg>\u001b[39m\n            \u001b[0m \u001b[0m\n            \u001b[0mCBN Compliant\u001b[0m\n          \u001b[36m</span>\u001b[39m\n        \u001b[36m</div>\u001b[39m\n      \u001b[36m</div>\u001b[39m\n      \u001b[36m<div\u001b[39m\n        \u001b[33mclass\u001b[39m=\u001b[32m\"mm-form-panel\"\u001b[39m\n        \u001b[33mstyle\u001b[39m=\u001b[32m\"flex: 0 0 42%; display: flex; flex-direction: column; align-items: center; justify-content: center; background: rgb(248, 246, 240); padding: 2rem 2.5rem; overflow-y: auto;\"\u001b[39m\n      \u001b[36m>\u001b[39m\n        \u001b[36m<div\u001b[39m\n          \u001b[33mclass\u001b[39m=\u001b[32m\"mm-form\"\u001b[39m\n          \u001b[33mstyle\u001b[39m=\u001b[32m\"width: 100%; max-width: 360px;\"\u001b[39m\n        \u001b[36m>\u001b[39m\n          \u001b[36m<div\u001b[39m\n            \u001b[33mstyle\u001b[39m=\u001b[32m\"display: flex; align-items: center; gap: 0.75rem; margin-bottom: 1.75rem;\"\u001b[39m\n          \u001b[36m>\u001b[39m\n            \u001b[36m<img\u001b[39m\n              \u001b[33malt\u001b[39m=\u001b[32m\"logo\"\u001b[39m\n              \u001b[33msrc\u001b[39m=\u001b[32m\"/KTILogo.svg\"\u001b[39m\n              \u001b[33mstyle\u001b[39m=\u001b[32m\"width: 44px; height: 44px; border-radius: 50%; border: 2px solid rgb(183, 151, 88); object-fit: contain; background: rgb(10, 24, 87); padding: 2px;\"\u001b[39m\n            \u001b[36m/>\u001b[39m\n            \u001b[36m<div\u001b[39m\n              \u001b[33mstyle\u001b[39m=\u001b[32m\"display: flex; flex-direction: column; line-height: 1.2;\"\u001b[39m\n            \u001b[36m>\u001b[39m\n              \u001b[36m<span\u001b[39m\n                \u001b[33mstyle\u001b[39m=\u001b[32m\"font-size: 0.78rem; font-weight: 700; color: rgb(10, 24, 87); letter-spacing: 0.04em;\"\u001b[39m\n              \u001b[36m>\u001b[39m\n                \u001b[0mKTIL\u001b[0m\n              \u001b[36m</span>\u001b[39m\n              \u001b[36m<span\u001b[39m\n                \u001b[33mstyle\u001b[39m=\u001b[32m\"font-size: 0.68rem; color: rgb(183, 151, 88); font-weight: 600; letter-spacing: 0.08em; text-transform: uppercase;\"\u001b[39m\n              \u001b[36m>\u001b[39m\n                \u001b[0...\n    at Object.getElementError (D:\\Users\\User\\Desktop\\PHEONIX\\PHEONIX\\erp-frontend\\node_modules\\@testing-library\\dom\\dist\\config.js:37:19)\n    at D:\\Users\\User\\Desktop\\PHEONIX\\PHEONIX\\erp-frontend\\node_modules\\@testing-library\\dom\\dist\\query-helpers.js:76:38\n    at D:\\Users\\User\\Desktop\\PHEONIX\\PHEONIX\\erp-frontend\\node_modules\\@testing-library\\dom\\dist\\query-helpers.js:52:17\n    at getByPlaceholderText (D:\\Users\\User\\Desktop\\PHEONIX\\PHEONIX\\erp-frontend\\node_modules\\@testing-library\\dom\\dist\\query-helpers.js:95:19)\n    at D:/Users/User/Desktop/PHEONIX/PHEONIX/erp-frontend/src/components/auth/__tests__/LoginPageStyled.integration.test.tsx:108:31\n    at file:///D:/Users/User/Desktop/PHEONIX/PHEONIX/erp-frontend/node_modules/@vitest/runner/dist/index.js:145:11\n    at file:///D:/Users/User/Desktop/PHEONIX/PHEONIX/erp-frontend/node_modules/@vitest/runner/dist/index.js:915:26\n    at file:///D:/Users/User/Desktop/PHEONIX/PHEONIX/erp-frontend/node_modules/@vitest/runner/dist/index.js:1243:20\n    at new Promise (<anonymous>)\n    at runWithTimeout (file:///D:/Users/User/Desktop/PHEONIX/PHEONIX/erp-frontend/node_modules/@vitest/runner/dist/index.js:1209:10)"],"location":{"line":92,"column":5},"meta":{}},{"ancestorTitles":["LoginPageStyled Toast Integration","Login Error Scenarios"],"fullName":"LoginPageStyled Toast Integration Login Error Scenarios should show error toast on login failure","status":"failed","title":"should show error toast on login failure","duration":45.26830000001064,"failureMessages":["TestingLibraryElementError: Unable to find an element with the placeholder text of: samuel\n\nIgnored nodes: comments, script, style\n\u001b[36m<body>\u001b[39m\n  \u001b[36m<div>\u001b[39m\n    \u001b[36m<div\u001b[39m\n      \u001b[33mclass\u001b[39m=\u001b[32m\"mm-page\"\u001b[39m\n      \u001b[33mstyle\u001b[39m=\u001b[32m\"min-height: 100vh; display: flex; flex-direction: row; overflow: hidden;\"\u001b[39m\n    \u001b[36m>\u001b[39m\n      \u001b[36m<div\u001b[39m\n        \u001b[33mclass\u001b[39m=\u001b[32m\"mm-hero-panel\"\u001b[39m\n        \u001b[33mstyle\u001b[39m=\u001b[32m\"flex: 0 0 58%; position: relative; display: flex; flex-direction: column; align-items: center; justify-content: center; overflow: hidden; background: rgb(10, 24, 87);\"\u001b[39m\n      \u001b[36m>\u001b[39m\n        \u001b[36m<div\u001b[39m\n          \u001b[33mstyle\u001b[39m=\u001b[32m\"position: absolute; inset: 0; background-image: url(\\\"/WEB7.png\\\"); background-size: cover; background-position: center top; opacity: 0.3;\"\u001b[39m\n        \u001b[36m/>\u001b[39m\n        \u001b[36m<div\u001b[39m\n          \u001b[33mstyle\u001b[39m=\u001b[32m\"position: absolute; inset: 0; background: linear-gradient(160deg,#060e30 0%,#0a1857 55%,#162570 100%); opacity: 0.88;\"\u001b[39m\n        \u001b[36m/>\u001b[39m\n        \u001b[36m<div\u001b[39m\n          \u001b[33mstyle\u001b[39m=\u001b[32m\"position: absolute; top: 0px; left: 0px; right: 0px; height: 5px; background: linear-gradient(90deg,#b79758 0%,#fff6b0 50%,#b79758 100%);\"\u001b[39m\n        \u001b[36m/>\u001b[39m\n        \u001b[36m<div\u001b[39m\n          \u001b[33mstyle\u001b[39m=\u001b[32m\"position: absolute; bottom: 0px; left: 0px; right: 0px; height: 4px; background: linear-gradient(90deg,#b79758 0%,#fff6b0 50%,#b79758 100%);\"\u001b[39m\n        \u001b[36m/>\u001b[39m\n        \u001b[36m<div\u001b[39m\n          \u001b[33mclass\u001b[39m=\u001b[32m\"mm-hero\"\u001b[39m\n          \u001b[33mstyle\u001b[39m=\u001b[32m\"position: relative; z-index: 10; display: flex; flex-direction: column; align-items: center; padding: 3rem 2.5rem; text-align: center; max-width: 480px;\"\u001b[39m\n        \u001b[36m>\u001b[39m\n          \u001b[36m<div\u001b[39m\n            \u001b[33mstyle\u001b[39m=\u001b[32m\"width: 130px; height: 130px; border-radius: 50%; border: 4px solid rgb(183, 151, 88); padding: 6px; background: rgba(255, 255, 255, 0.08); margin-bottom: 1.5rem; box-shadow: 0 0 40px rgba(232,184,0,0.30),0 8px 32px rgba(0,0,0,0.4); display: flex; align-items: center; justify-content: center; overflow: hidden;\"\u001b[39m\n          \u001b[36m>\u001b[39m\n            \u001b[36m<img\u001b[39m\n              \u001b[33malt\u001b[39m=\u001b[32m\"Krystar Trust Logo\"\u001b[39m\n              \u001b[33mfetchpriority\u001b[39m=\u001b[32m\"high\"\u001b[39m\n              \u001b[33msrc\u001b[39m=\u001b[32m\"/KTILogo.svg\"\u001b[39m\n              \u001b[33mstyle\u001b[39m=\u001b[32m\"width: 100%; height: 100%; object-fit: contain; border-radius: 50%;\"\u001b[39m\n            \u001b[36m/>\u001b[39m\n          \u001b[36m</div>\u001b[39m\n          \u001b[36m<h1\u001b[39m\n            \u001b[33mclass\u001b[39m=\u001b[32m\"mm-school\"\u001b[39m\n            \u001b[33mstyle\u001b[39m=\u001b[32m\"font-size: 1.55rem; font-weight: 800; color: rgb(255, 255, 255); letter-spacing: 0.02em; line-height: 1.2; margin-bottom: 0.5rem; text-shadow: 0 2px 8px rgba(0,0,0,0.4);\"\u001b[39m\n          \u001b[36m>\u001b[39m\n            \u001b[36m<span\u001b[39m\n              \u001b[33mstyle\u001b[39m=\u001b[32m\"color: rgb(183, 151, 88);\"\u001b[39m\n            \u001b[36m>\u001b[39m\n              \u001b[0mKrystar Trust\u001b[0m\n            \u001b[36m</span>\u001b[39m\n            \u001b[36m<br />\u001b[39m\n            \u001b[0mInvestment Limited\u001b[0m\n          \u001b[36m</h1>\u001b[39m\n          \u001b[36m<div\u001b[39m\n            \u001b[33mstyle\u001b[39m=\u001b[32m\"width: 60px; height: 3px; border-radius: 2px; background: linear-gradient(90deg,#b79758,#fff); margin: 1rem auto;\"\u001b[39m\n          \u001b[36m/>\u001b[39m\n          \u001b[36m<p\u001b[39m\n            \u001b[33mstyle\u001b[39m=\u001b[32m\"font-size: 1.05rem; font-style: italic; color: rgba(255, 255, 255, 0.9); letter-spacing: 0.06em; margin-bottom: 0.75rem;\"\u001b[39m\n          \u001b[36m>\u001b[39m\n            \u001b[0m“\u001b[0m\n            \u001b[0mBuilding Trust, Growing Wealth\u001b[0m\n            \u001b[0m”\u001b[0m\n          \u001b[36m</p>\u001b[39m\n          \u001b[36m<p\u001b[39m\n            \u001b[33mstyle\u001b[39m=\u001b[32m\"font-size: 0.78rem; color: rgb(183, 151, 88); letter-spacing: 0.15em; text-transform: uppercase; font-weight: 600; margin-bottom: 2rem;\"\u001b[39m\n          \u001b[36m>\u001b[39m\n            \u001b[0mLoans • Savings • Investments • Growth\u001b[0m\n          \u001b[36m</p>\u001b[39m\n          \u001b[36m<span\u001b[39m\n            \u001b[33mstyle\u001b[39m=\u001b[32m\"display: inline-flex; align-items: center; gap: 0.4rem; margin-top: 1.5rem; padding: 0.35rem 1rem; border-radius: 999px; background: rgba(232, 184, 0, 0.15); border: 1px solid rgb(183, 151, 88); color: rgb(183, 151, 88); font-size: 0.72rem; font-weight: 700; letter-spacing: 0.12em; text-transform: uppercase;\"\u001b[39m\n          \u001b[36m>\u001b[39m\n            \u001b[36m<svg\u001b[39m\n              \u001b[33maria-hidden\u001b[39m=\u001b[32m\"true\"\u001b[39m\n              \u001b[33mclass\u001b[39m=\u001b[32m\"lucide lucide-shield-check\"\u001b[39m\n              \u001b[33mfill\u001b[39m=\u001b[32m\"none\"\u001b[39m\n              \u001b[33mheight\u001b[39m=\u001b[32m\"13\"\u001b[39m\n              \u001b[33mstroke\u001b[39m=\u001b[32m\"currentColor\"\u001b[39m\n              \u001b[33mstroke-linecap\u001b[39m=\u001b[32m\"round\"\u001b[39m\n              \u001b[33mstroke-linejoin\u001b[39m=\u001b[32m\"round\"\u001b[39m\n              \u001b[33mstroke-width\u001b[39m=\u001b[32m\"2\"\u001b[39m\n              \u001b[33mviewBox\u001b[39m=\u001b[32m\"0 0 24 24\"\u001b[39m\n              \u001b[33mwidth\u001b[39m=\u001b[32m\"13\"\u001b[39m\n              \u001b[33mxmlns\u001b[39m=\u001b[32m\"http://www.w3.org/2000/svg\"\u001b[39m\n            \u001b[36m>\u001b[39m\n              \u001b[36m<path\u001b[39m\n                \u001b[33md\u001b[39m=\u001b[32m\"M20 13c0 5-3.5 7.5-7.66 8.95a1 1 0 0 1-.67-.01C7.5 20.5 4 18 4 13V6a1 1 0 0 1 1-1c2 0 4.5-1.2 6.24-2.72a1.17 1.17 0 0 1 1.52 0C14.51 3.81 17 5 19 5a1 1 0 0 1 1 1z\"\u001b[39m\n              \u001b[36m/>\u001b[39m\n              \u001b[36m<path\u001b[39m\n                \u001b[33md\u001b[39m=\u001b[32m\"m9 12 2 2 4-4\"\u001b[39m\n              \u001b[36m/>\u001b[39m\n            \u001b[36m</svg>\u001b[39m\n            \u001b[0m \u001b[0m\n            \u001b[0mCBN Compliant\u001b[0m\n          \u001b[36m</span>\u001b[39m\n        \u001b[36m</div>\u001b[39m\n      \u001b[36m</div>\u001b[39m\n      \u001b[36m<div\u001b[39m\n        \u001b[33mclass\u001b[39m=\u001b[32m\"mm-form-panel\"\u001b[39m\n        \u001b[33mstyle\u001b[39m=\u001b[32m\"flex: 0 0 42%; display: flex; flex-direction: column; align-items: center; justify-content: center; background: rgb(248, 246, 240); padding: 2rem 2.5rem; overflow-y: auto;\"\u001b[39m\n      \u001b[36m>\u001b[39m\n        \u001b[36m<div\u001b[39m\n          \u001b[33mclass\u001b[39m=\u001b[32m\"mm-form\"\u001b[39m\n          \u001b[33mstyle\u001b[39m=\u001b[32m\"width: 100%; max-width: 360px;\"\u001b[39m\n        \u001b[36m>\u001b[39m\n          \u001b[36m<div\u001b[39m\n            \u001b[33mstyle\u001b[39m=\u001b[32m\"display: flex; align-items: center; gap: 0.75rem; margin-bottom: 1.75rem;\"\u001b[39m\n          \u001b[36m>\u001b[39m\n            \u001b[36m<img\u001b[39m\n              \u001b[33malt\u001b[39m=\u001b[32m\"logo\"\u001b[39m\n              \u001b[33msrc\u001b[39m=\u001b[32m\"/KTILogo.svg\"\u001b[39m\n              \u001b[33mstyle\u001b[39m=\u001b[32m\"width: 44px; height: 44px; border-radius: 50%; border: 2px solid rgb(183, 151, 88); object-fit: contain; background: rgb(10, 24, 87); padding: 2px;\"\u001b[39m\n            \u001b[36m/>\u001b[39m\n            \u001b[36m<div\u001b[39m\n              \u001b[33mstyle\u001b[39m=\u001b[32m\"display: flex; flex-direction: column; line-height: 1.2;\"\u001b[39m\n            \u001b[36m>\u001b[39m\n              \u001b[36m<span\u001b[39m\n                \u001b[33mstyle\u001b[39m=\u001b[32m\"font-size: 0.78rem; font-weight: 700; color: rgb(10, 24, 87); letter-spacing: 0.04em;\"\u001b[39m\n              \u001b[36m>\u001b[39m\n                \u001b[0mKTIL\u001b[0m\n              \u001b[36m</span>\u001b[39m\n              \u001b[36m<span\u001b[39m\n                \u001b[33mstyle\u001b[39m=\u001b[32m\"font-size: 0.68rem; color: rgb(183, 151, 88); font-weight: 600; letter-spacing: 0.08em; text-transform: uppercase;\"\u001b[39m\n              \u001b[36m>\u001b[39m\n                \u001b[0...\n    at Object.getElementError (D:\\Users\\User\\Desktop\\PHEONIX\\PHEONIX\\erp-frontend\\node_modules\\@testing-library\\dom\\dist\\config.js:37:19)\n    at D:\\Users\\User\\Desktop\\PHEONIX\\PHEONIX\\erp-frontend\\node_modules\\@testing-library\\dom\\dist\\query-helpers.js:76:38\n    at D:\\Users\\User\\Desktop\\PHEONIX\\PHEONIX\\erp-frontend\\node_modules\\@testing-library\\dom\\dist\\query-helpers.js:52:17\n    at getByPlaceholderText (D:\\Users\\User\\Desktop\\PHEONIX\\PHEONIX\\erp-frontend\\node_modules\\@testing-library\\dom\\dist\\query-helpers.js:95:19)\n    at D:/Users/User/Desktop/PHEONIX/PHEONIX/erp-frontend/src/components/auth/__tests__/LoginPageStyled.integration.test.tsx:137:31\n    at file:///D:/Users/User/Desktop/PHEONIX/PHEONIX/erp-frontend/node_modules/@vitest/runner/dist/index.js:145:11\n    at file:///D:/Users/User/Desktop/PHEONIX/PHEONIX/erp-frontend/node_modules/@vitest/runner/dist/index.js:915:26\n    at file:///D:/Users/User/Desktop/PHEONIX/PHEONIX/erp-frontend/node_modules/@vitest/runner/dist/index.js:1243:20\n    at new Promise (<anonymous>)\n    at runWithTimeout (file:///D:/Users/User/Desktop/PHEONIX/PHEONIX/erp-frontend/node_modules/@vitest/runner/dist/index.js:1209:10)"],"location":{"line":126,"column":5},"meta":{}},{"ancestorTitles":["LoginPageStyled Toast Integration","Login Error Scenarios"],"fullName":"LoginPageStyled Toast Integration Login Error Scenarios should show generic error toast when no error message is provided","status":"failed","title":"should show generic error toast when no error message is provided","duration":29.451399999990826,"failureMessages":["TestingLibraryElementError: Unable to find an element with the placeholder text of: samuel\n\nIgnored nodes: comments, script, style\n\u001b[36m<body>\u001b[39m\n  \u001b[36m<div>\u001b[39m\n    \u001b[36m<div\u001b[39m\n      \u001b[33mclass\u001b[39m=\u001b[32m\"mm-page\"\u001b[39m\n      \u001b[33mstyle\u001b[39m=\u001b[32m\"min-height: 100vh; display: flex; flex-direction: row; overflow: hidden;\"\u001b[39m\n    \u001b[36m>\u001b[39m\n      \u001b[36m<div\u001b[39m\n        \u001b[33mclass\u001b[39m=\u001b[32m\"mm-hero-panel\"\u001b[39m\n        \u001b[33mstyle\u001b[39m=\u001b[32m\"flex: 0 0 58%; position: relative; display: flex; flex-direction: column; align-items: center; justify-content: center; overflow: hidden; background: rgb(10, 24, 87);\"\u001b[39m\n      \u001b[36m>\u001b[39m\n        \u001b[36m<div\u001b[39m\n          \u001b[33mstyle\u001b[39m=\u001b[32m\"position: absolute; inset: 0; background-image: url(\\\"/WEB7.png\\\"); background-size: cover; background-position: center top; opacity: 0.3;\"\u001b[39m\n        \u001b[36m/>\u001b[39m\n        \u001b[36m<div\u001b[39m\n          \u001b[33mstyle\u001b[39m=\u001b[32m\"position: absolute; inset: 0; background: linear-gradient(160deg,#060e30 0%,#0a1857 55%,#162570 100%); opacity: 0.88;\"\u001b[39m\n        \u001b[36m/>\u001b[39m\n        \u001b[36m<div\u001b[39m\n          \u001b[33mstyle\u001b[39m=\u001b[32m\"position: absolute; top: 0px; left: 0px; right: 0px; height: 5px; background: linear-gradient(90deg,#b79758 0%,#fff6b0 50%,#b79758 100%);\"\u001b[39m\n        \u001b[36m/>\u001b[39m\n        \u001b[36m<div\u001b[39m\n          \u001b[33mstyle\u001b[39m=\u001b[32m\"position: absolute; bottom: 0px; left: 0px; right: 0px; height: 4px; background: linear-gradient(90deg,#b79758 0%,#fff6b0 50%,#b79758 100%);\"\u001b[39m\n        \u001b[36m/>\u001b[39m\n        \u001b[36m<div\u001b[39m\n          \u001b[33mclass\u001b[39m=\u001b[32m\"mm-hero\"\u001b[39m\n          \u001b[33mstyle\u001b[39m=\u001b[32m\"position: relative; z-index: 10; display: flex; flex-direction: column; align-items: center; padding: 3rem 2.5rem; text-align: center; max-width: 480px;\"\u001b[39m\n        \u001b[36m>\u001b[39m\n          \u001b[36m<div\u001b[39m\n            \u001b[33mstyle\u001b[39m=\u001b[32m\"width: 130px; height: 130px; border-radius: 50%; border: 4px solid rgb(183, 151, 88); padding: 6px; background: rgba(255, 255, 255, 0.08); margin-bottom: 1.5rem; box-shadow: 0 0 40px rgba(232,184,0,0.30),0 8px 32px rgba(0,0,0,0.4); display: flex; align-items: center; justify-content: center; overflow: hidden;\"\u001b[39m\n          \u001b[36m>\u001b[39m\n            \u001b[36m<img\u001b[39m\n              \u001b[33malt\u001b[39m=\u001b[32m\"Krystar Trust Logo\"\u001b[39m\n              \u001b[33mfetchpriority\u001b[39m=\u001b[32m\"high\"\u001b[39m\n              \u001b[33msrc\u001b[39m=\u001b[32m\"/KTILogo.svg\"\u001b[39m\n              \u001b[33mstyle\u001b[39m=\u001b[32m\"width: 100%; height: 100%; object-fit: contain; border-radius: 50%;\"\u001b[39m\n            \u001b[36m/>\u001b[39m\n          \u001b[36m</div>\u001b[39m\n          \u001b[36m<h1\u001b[39m\n            \u001b[33mclass\u001b[39m=\u001b[32m\"mm-school\"\u001b[39m\n            \u001b[33mstyle\u001b[39m=\u001b[32m\"font-size: 1.55rem; font-weight: 800; color: rgb(255, 255, 255); letter-spacing: 0.02em; line-height: 1.2; margin-bottom: 0.5rem; text-shadow: 0 2px 8px rgba(0,0,0,0.4);\"\u001b[39m\n          \u001b[36m>\u001b[39m\n            \u001b[36m<span\u001b[39m\n              \u001b[33mstyle\u001b[39m=\u001b[32m\"color: rgb(183, 151, 88);\"\u001b[39m\n            \u001b[36m>\u001b[39m\n              \u001b[0mKrystar Trust\u001b[0m\n            \u001b[36m</span>\u001b[39m\n            \u001b[36m<br />\u001b[39m\n            \u001b[0mInvestment Limited\u001b[0m\n          \u001b[36m</h1>\u001b[39m\n          \u001b[36m<div\u001b[39m\n            \u001b[33mstyle\u001b[39m=\u001b[32m\"width: 60px; height: 3px; border-radius: 2px; background: linear-gradient(90deg,#b79758,#fff); margin: 1rem auto;\"\u001b[39m\n          \u001b[36m/>\u001b[39m\n          \u001b[36m<p\u001b[39m\n            \u001b[33mstyle\u001b[39m=\u001b[32m\"font-size: 1.05rem; font-style: italic; color: rgba(255, 255, 255, 0.9); letter-spacing: 0.06em; margin-bottom: 0.75rem;\"\u001b[39m\n          \u001b[36m>\u001b[39m\n            \u001b[0m“\u001b[0m\n            \u001b[0mBuilding Trust, Growing Wealth\u001b[0m\n            \u001b[0m”\u001b[0m\n          \u001b[36m</p>\u001b[39m\n          \u001b[36m<p\u001b[39m\n            \u001b[33mstyle\u001b[39m=\u001b[32m\"font-size: 0.78rem; color: rgb(183, 151, 88); letter-spacing: 0.15em; text-transform: uppercase; font-weight: 600; margin-bottom: 2rem;\"\u001b[39m\n          \u001b[36m>\u001b[39m\n            \u001b[0mLoans • Savings • Investments • Growth\u001b[0m\n          \u001b[36m</p>\u001b[39m\n          \u001b[36m<span\u001b[39m\n            \u001b[33mstyle\u001b[39m=\u001b[32m\"display: inline-flex; align-items: center; gap: 0.4rem; margin-top: 1.5rem; padding: 0.35rem 1rem; border-radius: 999px; background: rgba(232, 184, 0, 0.15); border: 1px solid rgb(183, 151, 88); color: rgb(183, 151, 88); font-size: 0.72rem; font-weight: 700; letter-spacing: 0.12em; text-transform: uppercase;\"\u001b[39m\n          \u001b[36m>\u001b[39m\n            \u001b[36m<svg\u001b[39m\n              \u001b[33maria-hidden\u001b[39m=\u001b[32m\"true\"\u001b[39m\n              \u001b[33mclass\u001b[39m=\u001b[32m\"lucide lucide-shield-check\"\u001b[39m\n              \u001b[33mfill\u001b[39m=\u001b[32m\"none\"\u001b[39m\n              \u001b[33mheight\u001b[39m=\u001b[32m\"13\"\u001b[39m\n              \u001b[33mstroke\u001b[39m=\u001b[32m\"currentColor\"\u001b[39m\n              \u001b[33mstroke-linecap\u001b[39m=\u001b[32m\"round\"\u001b[39m\n              \u001b[33mstroke-linejoin\u001b[39m=\u001b[32m\"round\"\u001b[39m\n              \u001b[33mstroke-width\u001b[39m=\u001b[32m\"2\"\u001b[39m\n              \u001b[33mviewBox\u001b[39m=\u001b[32m\"0 0 24 24\"\u001b[39m\n              \u001b[33mwidth\u001b[39m=\u001b[32m\"13\"\u001b[39m\n              \u001b[33mxmlns\u001b[39m=\u001b[32m\"http://www.w3.org/2000/svg\"\u001b[39m\n            \u001b[36m>\u001b[39m\n              \u001b[36m<path\u001b[39m\n                \u001b[33md\u001b[39m=\u001b[32m\"M20 13c0 5-3.5 7.5-7.66 8.95a1 1 0 0 1-.67-.01C7.5 20.5 4 18 4 13V6a1 1 0 0 1 1-1c2 0 4.5-1.2 6.24-2.72a1.17 1.17 0 0 1 1.52 0C14.51 3.81 17 5 19 5a1 1 0 0 1 1 1z\"\u001b[39m\n              \u001b[36m/>\u001b[39m\n              \u001b[36m<path\u001b[39m\n                \u001b[33md\u001b[39m=\u001b[32m\"m9 12 2 2 4-4\"\u001b[39m\n              \u001b[36m/>\u001b[39m\n            \u001b[36m</svg>\u001b[39m\n            \u001b[0m \u001b[0m\n            \u001b[0mCBN Compliant\u001b[0m\n          \u001b[36m</span>\u001b[39m\n        \u001b[36m</div>\u001b[39m\n      \u001b[36m</div>\u001b[39m\n      \u001b[36m<div\u001b[39m\n        \u001b[33mclass\u001b[39m=\u001b[32m\"mm-form-panel\"\u001b[39m\n        \u001b[33mstyle\u001b[39m=\u001b[32m\"flex: 0 0 42%; display: flex; flex-direction: column; align-items: center; justify-content: center; background: rgb(248, 246, 240); padding: 2rem 2.5rem; overflow-y: auto;\"\u001b[39m\n      \u001b[36m>\u001b[39m\n        \u001b[36m<div\u001b[39m\n          \u001b[33mclass\u001b[39m=\u001b[32m\"mm-form\"\u001b[39m\n          \u001b[33mstyle\u001b[39m=\u001b[32m\"width: 100%; max-width: 360px;\"\u001b[39m\n        \u001b[36m>\u001b[39m\n          \u001b[36m<div\u001b[39m\n            \u001b[33mstyle\u001b[39m=\u001b[32m\"display: flex; align-items: center; gap: 0.75rem; margin-bottom: 1.75rem;\"\u001b[39m\n          \u001b[36m>\u001b[39m\n            \u001b[36m<img\u001b[39m\n              \u001b[33malt\u001b[39m=\u001b[32m\"logo\"\u001b[39m\n              \u001b[33msrc\u001b[39m=\u001b[32m\"/KTILogo.svg\"\u001b[39m\n              \u001b[33mstyle\u001b[39m=\u001b[32m\"width: 44px; height: 44px; border-radius: 50%; border: 2px solid rgb(183, 151, 88); object-fit: contain; background: rgb(10, 24, 87); padding: 2px;\"\u001b[39m\n            \u001b[36m/>\u001b[39m\n            \u001b[36m<div\u001b[39m\n              \u001b[33mstyle\u001b[39m=\u001b[32m\"display: flex; flex-direction: column; line-height: 1.2;\"\u001b[39m\n            \u001b[36m>\u001b[39m\n              \u001b[36m<span\u001b[39m\n                \u001b[33mstyle\u001b[39m=\u001b[32m\"font-size: 0.78rem; font-weight: 700; color: rgb(10, 24, 87); letter-spacing: 0.04em;\"\u001b[39m\n              \u001b[36m>\u001b[39m\n                \u001b[0mKTIL\u001b[0m\n              \u001b[36m</span>\u001b[39m\n              \u001b[36m<span\u001b[39m\n                \u001b[33mstyle\u001b[39m=\u001b[32m\"font-size: 0.68rem; color: rgb(183, 151, 88); font-weight: 600; letter-spacing: 0.08em; text-transform: uppercase;\"\u001b[39m\n              \u001b[36m>\u001b[39m\n                \u001b[0...\n    at Object.getElementError (D:\\Users\\User\\Desktop\\PHEONIX\\PHEONIX\\erp-frontend\\node_modules\\@testing-library\\dom\\dist\\config.js:37:19)\n    at D:\\Users\\User\\Desktop\\PHEONIX\\PHEONIX\\erp-frontend\\node_modules\\@testing-library\\dom\\dist\\query-helpers.js:76:38\n    at D:\\Users\\User\\Desktop\\PHEONIX\\PHEONIX\\erp-frontend\\node_modules\\@testing-library\\dom\\dist\\query-helpers.js:52:17\n    at getByPlaceholderText (D:\\Users\\User\\Desktop\\PHEONIX\\PHEONIX\\erp-frontend\\node_modules\\@testing-library\\dom\\dist\\query-helpers.js:95:19)\n    at D:/Users/User/Desktop/PHEONIX/PHEONIX/erp-frontend/src/components/auth/__tests__/LoginPageStyled.integration.test.tsx:169:31\n    at file:///D:/Users/User/Desktop/PHEONIX/PHEONIX/erp-frontend/node_modules/@vitest/runner/dist/index.js:145:11\n    at file:///D:/Users/User/Desktop/PHEONIX/PHEONIX/erp-frontend/node_modules/@vitest/runner/dist/index.js:915:26\n    at file:///D:/Users/User/Desktop/PHEONIX/PHEONIX/erp-frontend/node_modules/@vitest/runner/dist/index.js:1243:20\n    at new Promise (<anonymous>)\n    at runWithTimeout (file:///D:/Users/User/Desktop/PHEONIX/PHEONIX/erp-frontend/node_modules/@vitest/runner/dist/index.js:1209:10)"],"location":{"line":159,"column":5},"meta":{}},{"ancestorTitles":["LoginPageStyled Toast Integration","Form Interaction with Toasts"],"fullName":"LoginPageStyled Toast Integration Form Interaction with Toasts should clear error state and toast when user starts typing","status":"failed","title":"should clear error state and toast when user starts typing","duration":42.3637000000017,"failureMessages":["TestingLibraryElementError: Unable to find an element with the placeholder text of: samuel\n\nIgnored nodes: comments, script, style\n\u001b[36m<body>\u001b[39m\n  \u001b[36m<div>\u001b[39m\n    \u001b[36m<div\u001b[39m\n      \u001b[33mclass\u001b[39m=\u001b[32m\"mm-page\"\u001b[39m\n      \u001b[33mstyle\u001b[39m=\u001b[32m\"min-height: 100vh; display: flex; flex-direction: row; overflow: hidden;\"\u001b[39m\n    \u001b[36m>\u001b[39m\n      \u001b[36m<div\u001b[39m\n        \u001b[33mclass\u001b[39m=\u001b[32m\"mm-hero-panel\"\u001b[39m\n        \u001b[33mstyle\u001b[39m=\u001b[32m\"flex: 0 0 58%; position: relative; display: flex; flex-direction: column; align-items: center; justify-content: center; overflow: hidden; background: rgb(10, 24, 87);\"\u001b[39m\n      \u001b[36m>\u001b[39m\n        \u001b[36m<div\u001b[39m\n          \u001b[33mstyle\u001b[39m=\u001b[32m\"position: absolute; inset: 0; background-image: url(\\\"/WEB7.png\\\"); background-size: cover; background-position: center top; opacity: 0.3;\"\u001b[39m\n        \u001b[36m/>\u001b[39m\n        \u001b[36m<div\u001b[39m\n          \u001b[33mstyle\u001b[39m=\u001b[32m\"position: absolute; inset: 0; background: linear-gradient(160deg,#060e30 0%,#0a1857 55%,#162570 100%); opacity: 0.88;\"\u001b[39m\n        \u001b[36m/>\u001b[39m\n        \u001b[36m<div\u001b[39m\n          \u001b[33mstyle\u001b[39m=\u001b[32m\"position: absolute; top: 0px; left: 0px; right: 0px; height: 5px; background: linear-gradient(90deg,#b79758 0%,#fff6b0 50%,#b79758 100%);\"\u001b[39m\n        \u001b[36m/>\u001b[39m\n        \u001b[36m<div\u001b[39m\n          \u001b[33mstyle\u001b[39m=\u001b[32m\"position: absolute; bottom: 0px; left: 0px; right: 0px; height: 4px; background: linear-gradient(90deg,#b79758 0%,#fff6b0 50%,#b79758 100%);\"\u001b[39m\n        \u001b[36m/>\u001b[39m\n        \u001b[36m<div\u001b[39m\n          \u001b[33mclass\u001b[39m=\u001b[32m\"mm-hero\"\u001b[39m\n          \u001b[33mstyle\u001b[39m=\u001b[32m\"position: relative; z-index: 10; display: flex; flex-direction: column; align-items: center; padding: 3rem 2.5rem; text-align: center; max-width: 480px;\"\u001b[39m\n        \u001b[36m>\u001b[39m\n          \u001b[36m<div\u001b[39m\n            \u001b[33mstyle\u001b[39m=\u001b[32m\"width: 130px; height: 130px; border-radius: 50%; border: 4px solid rgb(183, 151, 88); padding: 6px; background: rgba(255, 255, 255, 0.08); margin-bottom: 1.5rem; box-shadow: 0 0 40px rgba(232,184,0,0.30),0 8px 32px rgba(0,0,0,0.4); display: flex; align-items: center; justify-content: center; overflow: hidden;\"\u001b[39m\n          \u001b[36m>\u001b[39m\n            \u001b[36m<img\u001b[39m\n              \u001b[33malt\u001b[39m=\u001b[32m\"Krystar Trust Logo\"\u001b[39m\n              \u001b[33mfetchpriority\u001b[39m=\u001b[32m\"high\"\u001b[39m\n              \u001b[33msrc\u001b[39m=\u001b[32m\"/KTILogo.svg\"\u001b[39m\n              \u001b[33mstyle\u001b[39m=\u001b[32m\"width: 100%; height: 100%; object-fit: contain; border-radius: 50%;\"\u001b[39m\n            \u001b[36m/>\u001b[39m\n          \u001b[36m</div>\u001b[39m\n          \u001b[36m<h1\u001b[39m\n            \u001b[33mclass\u001b[39m=\u001b[32m\"mm-school\"\u001b[39m\n            \u001b[33mstyle\u001b[39m=\u001b[32m\"font-size: 1.55rem; font-weight: 800; color: rgb(255, 255, 255); letter-spacing: 0.02em; line-height: 1.2; margin-bottom: 0.5rem; text-shadow: 0 2px 8px rgba(0,0,0,0.4);\"\u001b[39m\n          \u001b[36m>\u001b[39m\n            \u001b[36m<span\u001b[39m\n              \u001b[33mstyle\u001b[39m=\u001b[32m\"color: rgb(183, 151, 88);\"\u001b[39m\n            \u001b[36m>\u001b[39m\n              \u001b[0mKrystar Trust\u001b[0m\n            \u001b[36m</span>\u001b[39m\n            \u001b[36m<br />\u001b[39m\n            \u001b[0mInvestment Limited\u001b[0m\n          \u001b[36m</h1>\u001b[39m\n          \u001b[36m<div\u001b[39m\n            \u001b[33mstyle\u001b[39m=\u001b[32m\"width: 60px; height: 3px; border-radius: 2px; background: linear-gradient(90deg,#b79758,#fff); margin: 1rem auto;\"\u001b[39m\n          \u001b[36m/>\u001b[39m\n          \u001b[36m<p\u001b[39m\n            \u001b[33mstyle\u001b[39m=\u001b[32m\"font-size: 1.05rem; font-style: italic; color: rgba(255, 255, 255, 0.9); letter-spacing: 0.06em; margin-bottom: 0.75rem;\"\u001b[39m\n          \u001b[36m>\u001b[39m\n            \u001b[0m“\u001b[0m\n            \u001b[0mBuilding Trust, Growing Wealth\u001b[0m\n            \u001b[0m”\u001b[0m\n          \u001b[36m</p>\u001b[39m\n          \u001b[36m<p\u001b[39m\n            \u001b[33mstyle\u001b[39m=\u001b[32m\"font-size: 0.78rem; color: rgb(183, 151, 88); letter-spacing: 0.15em; text-transform: uppercase; font-weight: 600; margin-bottom: 2rem;\"\u001b[39m\n          \u001b[36m>\u001b[39m\n            \u001b[0mLoans • Savings • Investments • Growth\u001b[0m\n          \u001b[36m</p>\u001b[39m\n          \u001b[36m<span\u001b[39m\n            \u001b[33mstyle\u001b[39m=\u001b[32m\"display: inline-flex; align-items: center; gap: 0.4rem; margin-top: 1.5rem; padding: 0.35rem 1rem; border-radius: 999px; background: rgba(232, 184, 0, 0.15); border: 1px solid rgb(183, 151, 88); color: rgb(183, 151, 88); font-size: 0.72rem; font-weight: 700; letter-spacing: 0.12em; text-transform: uppercase;\"\u001b[39m\n          \u001b[36m>\u001b[39m\n            \u001b[36m<svg\u001b[39m\n              \u001b[33maria-hidden\u001b[39m=\u001b[32m\"true\"\u001b[39m\n              \u001b[33mclass\u001b[39m=\u001b[32m\"lucide lucide-shield-check\"\u001b[39m\n              \u001b[33mfill\u001b[39m=\u001b[32m\"none\"\u001b[39m\n              \u001b[33mheight\u001b[39m=\u001b[32m\"13\"\u001b[39m\n              \u001b[33mstroke\u001b[39m=\u001b[32m\"currentColor\"\u001b[39m\n              \u001b[33mstroke-linecap\u001b[39m=\u001b[32m\"round\"\u001b[39m\n              \u001b[33mstroke-linejoin\u001b[39m=\u001b[32m\"round\"\u001b[39m\n              \u001b[33mstroke-width\u001b[39m=\u001b[32m\"2\"\u001b[39m\n              \u001b[33mviewBox\u001b[39m=\u001b[32m\"0 0 24 24\"\u001b[39m\n              \u001b[33mwidth\u001b[39m=\u001b[32m\"13\"\u001b[39m\n              \u001b[33mxmlns\u001b[39m=\u001b[32m\"http://www.w3.org/2000/svg\"\u001b[39m\n            \u001b[36m>\u001b[39m\n              \u001b[36m<path\u001b[39m\n                \u001b[33md\u001b[39m=\u001b[32m\"M20 13c0 5-3.5 7.5-7.66 8.95a1 1 0 0 1-.67-.01C7.5 20.5 4 18 4 13V6a1 1 0 0 1 1-1c2 0 4.5-1.2 6.24-2.72a1.17 1.17 0 0 1 1.52 0C14.51 3.81 17 5 19 5a1 1 0 0 1 1 1z\"\u001b[39m\n              \u001b[36m/>\u001b[39m\n              \u001b[36m<path\u001b[39m\n                \u001b[33md\u001b[39m=\u001b[32m\"m9 12 2 2 4-4\"\u001b[39m\n              \u001b[36m/>\u001b[39m\n            \u001b[36m</svg>\u001b[39m\n            \u001b[0m \u001b[0m\n            \u001b[0mCBN Compliant\u001b[0m\n          \u001b[36m</span>\u001b[39m\n        \u001b[36m</div>\u001b[39m\n      \u001b[36m</div>\u001b[39m\n      \u001b[36m<div\u001b[39m\n        \u001b[33mclass\u001b[39m=\u001b[32m\"mm-form-panel\"\u001b[39m\n        \u001b[33mstyle\u001b[39m=\u001b[32m\"flex: 0 0 42%; display: flex; flex-direction: column; align-items: center; justify-content: center; background: rgb(248, 246, 240); padding: 2rem 2.5rem; overflow-y: auto;\"\u001b[39m\n      \u001b[36m>\u001b[39m\n        \u001b[36m<div\u001b[39m\n          \u001b[33mclass\u001b[39m=\u001b[32m\"mm-form\"\u001b[39m\n          \u001b[33mstyle\u001b[39m=\u001b[32m\"width: 100%; max-width: 360px;\"\u001b[39m\n        \u001b[36m>\u001b[39m\n          \u001b[36m<div\u001b[39m\n            \u001b[33mstyle\u001b[39m=\u001b[32m\"display: flex; align-items: center; gap: 0.75rem; margin-bottom: 1.75rem;\"\u001b[39m\n          \u001b[36m>\u001b[39m\n            \u001b[36m<img\u001b[39m\n              \u001b[33malt\u001b[39m=\u001b[32m\"logo\"\u001b[39m\n              \u001b[33msrc\u001b[39m=\u001b[32m\"/KTILogo.svg\"\u001b[39m\n              \u001b[33mstyle\u001b[39m=\u001b[32m\"width: 44px; height: 44px; border-radius: 50%; border: 2px solid rgb(183, 151, 88); object-fit: contain; background: rgb(10, 24, 87); padding: 2px;\"\u001b[39m\n            \u001b[36m/>\u001b[39m\n            \u001b[36m<div\u001b[39m\n              \u001b[33mstyle\u001b[39m=\u001b[32m\"display: flex; flex-direction: column; line-height: 1.2;\"\u001b[39m\n            \u001b[36m>\u001b[39m\n              \u001b[36m<span\u001b[39m\n                \u001b[33mstyle\u001b[39m=\u001b[32m\"font-size: 0.78rem; font-weight: 700; color: rgb(10, 24, 87); letter-spacing: 0.04em;\"\u001b[39m\n              \u001b[36m>\u001b[39m\n                \u001b[0mKTIL\u001b[0m\n              \u001b[36m</span>\u001b[39m\n              \u001b[36m<span\u001b[39m\n                \u001b[33mstyle\u001b[39m=\u001b[32m\"font-size: 0.68rem; color: rgb(183, 151, 88); font-weight: 600; letter-spacing: 0.08em; text-transform: uppercase;\"\u001b[39m\n              \u001b[36m>\u001b[39m\n                \u001b[0...\n    at Object.getElementError (D:\\Users\\User\\Desktop\\PHEONIX\\PHEONIX\\erp-frontend\\node_modules\\@testing-library\\dom\\dist\\config.js:37:19)\n    at D:\\Users\\User\\Desktop\\PHEONIX\\PHEONIX\\erp-frontend\\node_modules\\@testing-library\\dom\\dist\\query-helpers.js:76:38\n    at D:\\Users\\User\\Desktop\\PHEONIX\\PHEONIX\\erp-frontend\\node_modules\\@testing-library\\dom\\dist\\query-helpers.js:52:17\n    at getByPlaceholderText (D:\\Users\\User\\Desktop\\PHEONIX\\PHEONIX\\erp-frontend\\node_modules\\@testing-library\\dom\\dist\\query-helpers.js:95:19)\n    at D:/Users/User/Desktop/PHEONIX/PHEONIX/erp-frontend/src/components/auth/__tests__/LoginPageStyled.integration.test.tsx:200:31\n    at file:///D:/Users/User/Desktop/PHEONIX/PHEONIX/erp-frontend/node_modules/@vitest/runner/dist/index.js:145:11\n    at file:///D:/Users/User/Desktop/PHEONIX/PHEONIX/erp-frontend/node_modules/@vitest/runner/dist/index.js:915:26\n    at file:///D:/Users/User/Desktop/PHEONIX/PHEONIX/erp-frontend/node_modules/@vitest/runner/dist/index.js:1243:20\n    at new Promise (<anonymous>)\n    at runWithTimeout (file:///D:/Users/User/Desktop/PHEONIX/PHEONIX/erp-frontend/node_modules/@vitest/runner/dist/index.js:1209:10)"],"location":{"line":189,"column":5},"meta":{}},{"ancestorTitles":["LoginPageStyled Toast Integration","Toast Accessibility"],"fullName":"LoginPageStyled Toast Integration Toast Accessibility should have proper ARIA attributes for toast notifications","status":"failed","title":"should have proper ARIA attributes for toast notifications","duration":30.933199999999488,"failureMessages":["TestingLibraryElementError: Unable to find an element with the placeholder text of: samuel\n\nIgnored nodes: comments, script, style\n\u001b[36m<body>\u001b[39m\n  \u001b[36m<div>\u001b[39m\n    \u001b[36m<div\u001b[39m\n      \u001b[33mclass\u001b[39m=\u001b[32m\"mm-page\"\u001b[39m\n      \u001b[33mstyle\u001b[39m=\u001b[32m\"min-height: 100vh; display: flex; flex-direction: row; overflow: hidden;\"\u001b[39m\n    \u001b[36m>\u001b[39m\n      \u001b[36m<div\u001b[39m\n        \u001b[33mclass\u001b[39m=\u001b[32m\"mm-hero-panel\"\u001b[39m\n        \u001b[33mstyle\u001b[39m=\u001b[32m\"flex: 0 0 58%; position: relative; display: flex; flex-direction: column; align-items: center; justify-content: center; overflow: hidden; background: rgb(10, 24, 87);\"\u001b[39m\n      \u001b[36m>\u001b[39m\n        \u001b[36m<div\u001b[39m\n          \u001b[33mstyle\u001b[39m=\u001b[32m\"position: absolute; inset: 0; background-image: url(\\\"/WEB7.png\\\"); background-size: cover; background-position: center top; opacity: 0.3;\"\u001b[39m\n        \u001b[36m/>\u001b[39m\n        \u001b[36m<div\u001b[39m\n          \u001b[33mstyle\u001b[39m=\u001b[32m\"position: absolute; inset: 0; background: linear-gradient(160deg,#060e30 0%,#0a1857 55%,#162570 100%); opacity: 0.88;\"\u001b[39m\n        \u001b[36m/>\u001b[39m\n        \u001b[36m<div\u001b[39m\n          \u001b[33mstyle\u001b[39m=\u001b[32m\"position: absolute; top: 0px; left: 0px; right: 0px; height: 5px; background: linear-gradient(90deg,#b79758 0%,#fff6b0 50%,#b79758 100%);\"\u001b[39m\n        \u001b[36m/>\u001b[39m\n        \u001b[36m<div\u001b[39m\n          \u001b[33mstyle\u001b[39m=\u001b[32m\"position: absolute; bottom: 0px; left: 0px; right: 0px; height: 4px; background: linear-gradient(90deg,#b79758 0%,#fff6b0 50%,#b79758 100%);\"\u001b[39m\n        \u001b[36m/>\u001b[39m\n        \u001b[36m<div\u001b[39m\n          \u001b[33mclass\u001b[39m=\u001b[32m\"mm-hero\"\u001b[39m\n          \u001b[33mstyle\u001b[39m=\u001b[32m\"position: relative; z-index: 10; display: flex; flex-direction: column; align-items: center; padding: 3rem 2.5rem; text-align: center; max-width: 480px;\"\u001b[39m\n        \u001b[36m>\u001b[39m\n          \u001b[36m<div\u001b[39m\n            \u001b[33mstyle\u001b[39m=\u001b[32m\"width: 130px; height: 130px; border-radius: 50%; border: 4px solid rgb(183, 151, 88); padding: 6px; background: rgba(255, 255, 255, 0.08); margin-bottom: 1.5rem; box-shadow: 0 0 40px rgba(232,184,0,0.30),0 8px 32px rgba(0,0,0,0.4); display: flex; align-items: center; justify-content: center; overflow: hidden;\"\u001b[39m\n          \u001b[36m>\u001b[39m\n            \u001b[36m<img\u001b[39m\n              \u001b[33malt\u001b[39m=\u001b[32m\"Krystar Trust Logo\"\u001b[39m\n              \u001b[33mfetchpriority\u001b[39m=\u001b[32m\"high\"\u001b[39m\n              \u001b[33msrc\u001b[39m=\u001b[32m\"/KTILogo.svg\"\u001b[39m\n              \u001b[33mstyle\u001b[39m=\u001b[32m\"width: 100%; height: 100%; object-fit: contain; border-radius: 50%;\"\u001b[39m\n            \u001b[36m/>\u001b[39m\n          \u001b[36m</div>\u001b[39m\n          \u001b[36m<h1\u001b[39m\n            \u001b[33mclass\u001b[39m=\u001b[32m\"mm-school\"\u001b[39m\n            \u001b[33mstyle\u001b[39m=\u001b[32m\"font-size: 1.55rem; font-weight: 800; color: rgb(255, 255, 255); letter-spacing: 0.02em; line-height: 1.2; margin-bottom: 0.5rem; text-shadow: 0 2px 8px rgba(0,0,0,0.4);\"\u001b[39m\n          \u001b[36m>\u001b[39m\n            \u001b[36m<span\u001b[39m\n              \u001b[33mstyle\u001b[39m=\u001b[32m\"color: rgb(183, 151, 88);\"\u001b[39m\n            \u001b[36m>\u001b[39m\n              \u001b[0mKrystar Trust\u001b[0m\n            \u001b[36m</span>\u001b[39m\n            \u001b[36m<br />\u001b[39m\n            \u001b[0mInvestment Limited\u001b[0m\n          \u001b[36m</h1>\u001b[39m\n          \u001b[36m<div\u001b[39m\n            \u001b[33mstyle\u001b[39m=\u001b[32m\"width: 60px; height: 3px; border-radius: 2px; background: linear-gradient(90deg,#b79758,#fff); margin: 1rem auto;\"\u001b[39m\n          \u001b[36m/>\u001b[39m\n          \u001b[36m<p\u001b[39m\n            \u001b[33mstyle\u001b[39m=\u001b[32m\"font-size: 1.05rem; font-style: italic; color: rgba(255, 255, 255, 0.9); letter-spacing: 0.06em; margin-bottom: 0.75rem;\"\u001b[39m\n          \u001b[36m>\u001b[39m\n            \u001b[0m“\u001b[0m\n            \u001b[0mBuilding Trust, Growing Wealth\u001b[0m\n            \u001b[0m”\u001b[0m\n          \u001b[36m</p>\u001b[39m\n          \u001b[36m<p\u001b[39m\n            \u001b[33mstyle\u001b[39m=\u001b[32m\"font-size: 0.78rem; color: rgb(183, 151, 88); letter-spacing: 0.15em; text-transform: uppercase; font-weight: 600; margin-bottom: 2rem;\"\u001b[39m\n          \u001b[36m>\u001b[39m\n            \u001b[0mLoans • Savings • Investments • Growth\u001b[0m\n          \u001b[36m</p>\u001b[39m\n          \u001b[36m<span\u001b[39m\n            \u001b[33mstyle\u001b[39m=\u001b[32m\"display: inline-flex; align-items: center; gap: 0.4rem; margin-top: 1.5rem; padding: 0.35rem 1rem; border-radius: 999px; background: rgba(232, 184, 0, 0.15); border: 1px solid rgb(183, 151, 88); color: rgb(183, 151, 88); font-size: 0.72rem; font-weight: 700; letter-spacing: 0.12em; text-transform: uppercase;\"\u001b[39m\n          \u001b[36m>\u001b[39m\n            \u001b[36m<svg\u001b[39m\n              \u001b[33maria-hidden\u001b[39m=\u001b[32m\"true\"\u001b[39m\n              \u001b[33mclass\u001b[39m=\u001b[32m\"lucide lucide-shield-check\"\u001b[39m\n              \u001b[33mfill\u001b[39m=\u001b[32m\"none\"\u001b[39m\n              \u001b[33mheight\u001b[39m=\u001b[32m\"13\"\u001b[39m\n              \u001b[33mstroke\u001b[39m=\u001b[32m\"currentColor\"\u001b[39m\n              \u001b[33mstroke-linecap\u001b[39m=\u001b[32m\"round\"\u001b[39m\n              \u001b[33mstroke-linejoin\u001b[39m=\u001b[32m\"round\"\u001b[39m\n              \u001b[33mstroke-width\u001b[39m=\u001b[32m\"2\"\u001b[39m\n              \u001b[33mviewBox\u001b[39m=\u001b[32m\"0 0 24 24\"\u001b[39m\n              \u001b[33mwidth\u001b[39m=\u001b[32m\"13\"\u001b[39m\n              \u001b[33mxmlns\u001b[39m=\u001b[32m\"http://www.w3.org/2000/svg\"\u001b[39m\n            \u001b[36m>\u001b[39m\n              \u001b[36m<path\u001b[39m\n                \u001b[33md\u001b[39m=\u001b[32m\"M20 13c0 5-3.5 7.5-7.66 8.95a1 1 0 0 1-.67-.01C7.5 20.5 4 18 4 13V6a1 1 0 0 1 1-1c2 0 4.5-1.2 6.24-2.72a1.17 1.17 0 0 1 1.52 0C14.51 3.81 17 5 19 5a1 1 0 0 1 1 1z\"\u001b[39m\n              \u001b[36m/>\u001b[39m\n              \u001b[36m<path\u001b[39m\n                \u001b[33md\u001b[39m=\u001b[32m\"m9 12 2 2 4-4\"\u001b[39m\n              \u001b[36m/>\u001b[39m\n            \u001b[36m</svg>\u001b[39m\n            \u001b[0m \u001b[0m\n            \u001b[0mCBN Compliant\u001b[0m\n          \u001b[36m</span>\u001b[39m\n        \u001b[36m</div>\u001b[39m\n      \u001b[36m</div>\u001b[39m\n      \u001b[36m<div\u001b[39m\n        \u001b[33mclass\u001b[39m=\u001b[32m\"mm-form-panel\"\u001b[39m\n        \u001b[33mstyle\u001b[39m=\u001b[32m\"flex: 0 0 42%; display: flex; flex-direction: column; align-items: center; justify-content: center; background: rgb(248, 246, 240); padding: 2rem 2.5rem; overflow-y: auto;\"\u001b[39m\n      \u001b[36m>\u001b[39m\n        \u001b[36m<div\u001b[39m\n          \u001b[33mclass\u001b[39m=\u001b[32m\"mm-form\"\u001b[39m\n          \u001b[33mstyle\u001b[39m=\u001b[32m\"width: 100%; max-width: 360px;\"\u001b[39m\n        \u001b[36m>\u001b[39m\n          \u001b[36m<div\u001b[39m\n            \u001b[33mstyle\u001b[39m=\u001b[32m\"display: flex; align-items: center; gap: 0.75rem; margin-bottom: 1.75rem;\"\u001b[39m\n          \u001b[36m>\u001b[39m\n            \u001b[36m<img\u001b[39m\n              \u001b[33malt\u001b[39m=\u001b[32m\"logo\"\u001b[39m\n              \u001b[33msrc\u001b[39m=\u001b[32m\"/KTILogo.svg\"\u001b[39m\n              \u001b[33mstyle\u001b[39m=\u001b[32m\"width: 44px; height: 44px; border-radius: 50%; border: 2px solid rgb(183, 151, 88); object-fit: contain; background: rgb(10, 24, 87); padding: 2px;\"\u001b[39m\n            \u001b[36m/>\u001b[39m\n            \u001b[36m<div\u001b[39m\n              \u001b[33mstyle\u001b[39m=\u001b[32m\"display: flex; flex-direction: column; line-height: 1.2;\"\u001b[39m\n            \u001b[36m>\u001b[39m\n              \u001b[36m<span\u001b[39m\n                \u001b[33mstyle\u001b[39m=\u001b[32m\"font-size: 0.78rem; font-weight: 700; color: rgb(10, 24, 87); letter-spacing: 0.04em;\"\u001b[39m\n              \u001b[36m>\u001b[39m\n                \u001b[0mKTIL\u001b[0m\n              \u001b[36m</span>\u001b[39m\n              \u001b[36m<span\u001b[39m\n                \u001b[33mstyle\u001b[39m=\u001b[32m\"font-size: 0.68rem; color: rgb(183, 151, 88); font-weight: 600; letter-spacing: 0.08em; text-transform: uppercase;\"\u001b[39m\n              \u001b[36m>\u001b[39m\n                \u001b[0...\n    at Object.getElementError (D:\\Users\\User\\Desktop\\PHEONIX\\PHEONIX\\erp-frontend\\node_modules\\@testing-library\\dom\\dist\\config.js:37:19)\n    at D:\\Users\\User\\Desktop\\PHEONIX\\PHEONIX\\erp-frontend\\node_modules\\@testing-library\\dom\\dist\\query-helpers.js:76:38\n    at D:\\Users\\User\\Desktop\\PHEONIX\\PHEONIX\\erp-frontend\\node_modules\\@testing-library\\dom\\dist\\query-helpers.js:52:17\n    at getByPlaceholderText (D:\\Users\\User\\Desktop\\PHEONIX\\PHEONIX\\erp-frontend\\node_modules\\@testing-library\\dom\\dist\\query-helpers.js:95:19)\n    at D:/Users/User/Desktop/PHEONIX/PHEONIX/erp-frontend/src/components/auth/__tests__/LoginPageStyled.integration.test.tsx:242:31\n    at file:///D:/Users/User/Desktop/PHEONIX/PHEONIX/erp-frontend/node_modules/@vitest/runner/dist/index.js:145:11\n    at file:///D:/Users/User/Desktop/PHEONIX/PHEONIX/erp-frontend/node_modules/@vitest/runner/dist/index.js:915:26\n    at file:///D:/Users/User/Desktop/PHEONIX/PHEONIX/erp-frontend/node_modules/@vitest/runner/dist/index.js:1243:20\n    at new Promise (<anonymous>)\n    at runWithTimeout (file:///D:/Users/User/Desktop/PHEONIX/PHEONIX/erp-frontend/node_modules/@vitest/runner/dist/index.js:1209:10)"],"location":{"line":225,"column":5},"meta":{}}],"startTime":1783023060328,"endTime":1783023060722.933,"status":"failed","message":"","name":"D:/Users/User/Desktop/PHEONIX/PHEONIX/erp-frontend/src/components/auth/__tests__/LoginPageStyled.integration.test.tsx"}]}